{
  "RSpec": {
    "coverage": {
      "/Users/Christine/MakersWork/Week4/bookmark_manager/spec/features/creating_links_spec.rb": [
        1,
        1,
        1,
        1,
        1,
        1,
        1,
        1,
        null,
        null,
        1,
        1,
        1,
        1,
        1,
        1,
        1,
        1,
        null,
        null
      ],
      "/Users/Christine/MakersWork/Week4/bookmark_manager/spec/features/tags_table_creation_spec.rb": [
        null,
        1,
        null,
        1,
        1,
        1,
        null,
        1,
        null,
        1,
        1,
        null,
        null,
        null
      ],
      "/Users/Christine/MakersWork/Week4/bookmark_manager/spec/features/testing_infrastructure_spec.rb": [
        null,
        null,
        1,
        null,
        1,
        null,
        1,
        1,
        null,
        1,
        null,
        1,
        1,
        null,
        null,
        null
      ]
    },
    "timestamp": 1508423008
  }
}
