{
  "RSpec": {
    "coverage": {
      "/Users/Christine/MakersWork/Week4/bookmark_manager/spec/features/creating_links_spec.rb": [
        1,
        1,
        1,
        1,
        1,
        1,
        1,
        1,
        null,
        null,
        null
      ],
      "/Users/Christine/MakersWork/Week4/bookmark_manager/spec/features/testing_infrastructure_spec.rb": [
        1,
        null,
        1,
        1,
        1,
        null,
        1,
        null,
        1,
        1,
        null,
        null,
        null
      ]
    },
    "timestamp": 1508323716
  }
}
